<?xml version="1.0" encoding="utf-8"?><testsuites name="pytest tests"><testsuite name="pytest" errors="0" failures="0" skipped="2" tests="143" time="22.467" timestamp="2026-09-27T00:27:55.222545+08:00" hostname="DionSurfacePro"><testcase classname="tests.test_auto_language" name="test_language_probabilities_include_unsupported_languages" time="0.001" /><testcase classname="tests.test_auto_language" name="test_short_speech_requires_stronger_evidence_and_silence_cannot_select" time="0.000" /><testcase classname="tests.test_auto_language" name="test_partial_decisions_need_two_growing_hypotheses_and_final_agreement" time="0.001" /><testcase classname="tests.test_auto_language" name="test_auto_preset_and_legacy_default" time="0.038" /><testcase classname="tests.test_auto_language" name="test_alternating_turns_keep_direction_when_translation_is_slow" time="0.178" /><testcase classname="tests.test_auto_language" name="test_uncertain_turn_never_transcribes_or_translates" time="0.260" /><testcase classname="tests.test_auto_language" name="test_uncertain_export_preserves_order_and_roundtrips_recovery" time="0.048" /><testcase classname="tests.test_auto_language" name="test_auto_detection_accelerator_failure_retries_on_cpu" time="0.243" /><testcase classname="tests.test_auto_language" name="test_pause_discards_inflight_detection" time="0.380" /><testcase classname="tests.test_auto_language" name="test_manual_override_drains_auto_without_losing_transcript" time="0.292" /><testcase classname="tests.test_auto_language" name="test_auto_needs_both_models_and_keeps_previous_mode_if_missing" time="0.280" /><testcase classname="tests.test_auto_language" name="test_visible_caption_language_is_independent_of_current_detector" time="0.003" /><testcase classname="tests.test_auto_language" name="test_uncertain_final_retracts_provisional_text_but_retains_previous_pair" time="0.003" /><testcase classname="tests.test_auto_language" name="test_single_language_display_keeps_translation_while_other_language_arrives" time="0.002" /><testcase classname="tests.test_auto_language" name="test_auto_readiness_checks_concrete_translation_languages" time="0.009" /><testcase classname="tests.test_beta" name="test_acceleration_requires_executed_provider_without_cpu_work" time="0.003" /><testcase classname="tests.test_beta" name="test_auto_only_tries_prepared_npus_and_gpu" time="0.015" /><testcase classname="tests.test_beta" name="test_npu_failure_is_cpu_not_false_npu_success" time="0.081" /><testcase classname="tests.test_beta" name="test_beta_gpu_cache_is_reused_and_closed_on_selection_change" time="0.014" /><testcase classname="tests.test_beta" name="test_gpu_runtime_failure_retries_same_phrase_on_cpu" time="0.016" /><testcase classname="tests.test_beta" name="test_beta_settings_normalize_profile_and_accelerator" time="0.003" /><testcase classname="tests.test_conversations" name="test_switch_drains_old_turn_and_preserves_one_conversation" time="0.051" /><testcase classname="tests.test_conversations" name="test_switch_waits_for_pending_translation_and_drops_only_transition_audio" time="0.249" /><testcase classname="tests.test_conversations" name="test_missing_reverse_model_keeps_previous_language_and_saved_turn" time="0.375" /><testcase classname="tests.test_conversations" name="test_paused_switch_does_not_resume_microphone" time="0.388" /><testcase classname="tests.test_conversations" name="test_mandarin_pending_source_is_not_mistaken_for_completed_translation" time="0.003" /><testcase classname="tests.test_conversations" name="test_mandarin_translation_failure_keeps_source_in_export" time="0.038" /><testcase classname="tests.test_conversations" name="test_chinese_partial_prefix_uses_characters_without_inventing_spaces" time="0.002" /><testcase classname="tests.test_conversations" name="test_language_and_old_defaults_roundtrip_in_presets" time="0.022" /><testcase classname="tests.test_conversations" name="test_mandarin_cpu_fallback_retains_language_without_english_vocabulary" time="0.020" /><testcase classname="tests.test_conversations" name="test_decoder_prefix_language_change_preserves_english_path" time="0.005" /><testcase classname="tests.test_conversations" name="test_all_installers_pin_the_same_reverse_model" time="0.003" /><testcase classname="tests.test_core" name="test_only_final_commits_and_stale_partial_rejected" time="0.001" /><testcase classname="tests.test_core" name="test_blank_hypothesis_not_committed" time="0.001" /><testcase classname="tests.test_core" name="test_queue_final_replaces_partial" time="0.001" /><testcase classname="tests.test_core" name="test_queue_bounded_prefers_final" time="0.001" /><testcase classname="tests.test_core" name="test_glossary_requires_source_context" time="0.003" /><testcase classname="tests.test_core" name="test_vocabulary_only_exact_bounded_matches" time="0.002" /><testcase classname="tests.test_core" name="test_vad_silence_not_submitted_and_audio_bounded" time="0.020" /><testcase classname="tests.test_core" name="test_vad_pause_boundary" time="0.001" /><testcase classname="tests.test_core" name="test_utf8_exports_are_incremental" time="0.030" /><testcase classname="tests.test_core" name="test_timestamp_rounding_carries" time="0.002" /><testcase classname="tests.test_core" name="test_pause_discards_buffer_and_invalidates_pending" time="0.015" /><testcase classname="tests.test_core" name="test_translation_failure_preserves_english" time="0.027" /><testcase classname="tests.test_core" name="test_offline_guard_blocks_python_network_in_subprocess" time="0.133" /><testcase classname="tests.test_core" name="test_out_of_order_translation_preserves_subtitle_timeline" time="0.032" /><testcase classname="tests.test_core" name="test_close_preserves_untranslated_english" time="0.014" /><testcase classname="tests.test_core" name="test_explicit_asr_alias_preserves_freertos_without_correcting_free" time="0.002" /><testcase classname="tests.test_course_vocabulary" name="test_project_management_preserves_distinct_spoken_concepts" time="0.010" /><testcase classname="tests.test_course_vocabulary" name="test_project_management_normalises_only_explicit_variants" time="0.033" /><testcase classname="tests.test_course_vocabulary" name="test_all_course_lists_fit_complete_prompt_budget" time="0.186" /><testcase classname="tests.test_course_vocabulary" name="test_ambiguous_initialisms_keep_ordinary_lowercase_words" time="0.004" /><testcase classname="tests.test_macos" name="test_apple_silicon_is_not_windows_beta" time="0.005" /><testcase classname="tests.test_macos" name="test_mac_shortcuts_are_native_and_modifier_aliases_agree" time="0.001" /><testcase classname="tests.test_macos" name="test_mac_microphone_discovery_uses_core_audio" time="0.003" /><testcase classname="tests.test_macos" name="test_mac_cpu_fallback_uses_selected_small_profile" time="0.010" /><testcase classname="tests.test_macos" name="test_permission_denied_never_starts_capture_and_pending_request_is_not_duplicated" time="0.009" /><testcase classname="tests.test_macos" name="test_permission_grant_resumes_once_and_late_grant_cannot_reopen_closed_window" time="0.005" /><testcase classname="tests.test_macos" name="test_mac_runtime_fallback_keeps_small_careful_and_vocabulary" time="0.038" /><testcase classname="tests.test_macos_acceleration" name="test_coreml_proof_requires_executed_nodes_not_just_registration" time="0.001" /><testcase classname="tests.test_macos_acceleration" name="test_mac_unavailable_accelerator_preserves_profile_and_cpu_choice[cpu]" time="0.008" /><testcase classname="tests.test_macos_acceleration" name="test_mac_unavailable_accelerator_preserves_profile_and_cpu_choice[auto]" time="0.011" /><testcase classname="tests.test_macos_acceleration" name="test_mac_unavailable_accelerator_preserves_profile_and_cpu_choice[coreml]" time="0.013" /><testcase classname="tests.test_macos_acceleration" name="test_coreml_does_not_claim_verified_ane_execution" time="0.007" /><testcase classname="tests.test_macos_acceleration" name="test_stalled_worker_has_bounded_write_and_closed_worker_fails_fast" time="0.001"><skipped type="pytest.skip" message="POSIX inherited pipes">C:\NAS\Back-up\Projects\Project_Polyglot\tests\test_macos_acceleration.py:49: POSIX inherited pipes</skipped></testcase><testcase classname="tests.test_macos_acceleration" name="test_worker_rejects_oversized_response_without_waiting_for_payload" time="0.000"><skipped type="pytest.skip" message="POSIX inherited pipes">C:\NAS\Back-up\Projects\Project_Polyglot\tests\test_macos_acceleration.py:74: POSIX inherited pipes</skipped></testcase><testcase classname="tests.test_projector" name="test_every_character_reaches_fully_visible_lines[long_english_short_chinese-entries0]" time="4.638" /><testcase classname="tests.test_projector" name="test_every_character_reaches_fully_visible_lines[short_english_long_chinese-entries1]" time="0.981" /><testcase classname="tests.test_projector" name="test_every_character_reaches_fully_visible_lines[both_long-entries2]" time="2.018" /><testcase classname="tests.test_projector" name="test_every_character_reaches_fully_visible_lines[eight_queued_turns-entries3]" time="1.945" /><testcase classname="tests.test_projector" name="test_every_character_reaches_fully_visible_lines[unicode_and_paragraph_breaks-entries4]" time="0.429" /><testcase classname="tests.test_projector" name="test_small_panel_large_font_and_display_modes[Bilingual]" time="0.402" /><testcase classname="tests.test_projector" name="test_small_panel_large_font_and_display_modes[English]" time="0.124" /><testcase classname="tests.test_projector" name="test_small_panel_large_font_and_display_modes[Chinese]" time="0.031" /><testcase classname="tests.test_projector" name="test_late_translation_keeps_source_position_and_waits" time="1.682" /><testcase classname="tests.test_projector" name="test_resize_keeps_text_anchor_and_new_session_is_only_reset" time="0.076" /><testcase classname="tests.test_projector" name="test_time_holds_hidden_stall_and_paint_required" time="0.026" /><testcase classname="tests.test_projector" name="test_missing_translation_and_uncertain_turn_do_not_block_queue" time="0.093" /><testcase classname="tests.test_projector" name="test_speed_validation" time="0.001" /><testcase classname="tests.test_projector" name="test_real_timer_rolls_and_pauses_when_hidden" time="1.664" /><testcase classname="tests.test_reliability" name="test_stop_finishes_speech_without_waiting_for_silence" time="0.069" /><testcase classname="tests.test_reliability" name="test_write_and_cleanup_failure_does_not_escape_or_repeat" time="0.017" /><testcase classname="tests.test_reliability" name="test_journal_recovers_valid_records_after_truncated_tail" time="0.017" /><testcase classname="tests.test_reliability" name="test_pair_remains_visible_until_next_translation_arrives" time="0.002" /><testcase classname="tests.test_reliability" name="test_delayed_pair_can_arrive_behind_newer_english_without_going_backwards" time="0.001" /><testcase classname="tests.test_reliability" name="test_provisional_prefix_waits_for_agreement_and_final_corrects_it" time="0.001" /><testcase classname="tests.test_reliability" name="test_sentence_hint_allows_short_pause_but_never_cuts_ongoing_speech" time="0.002" /><testcase classname="tests.test_reliability" name="test_midlecture_npu_failure_retries_same_audio_on_cpu" time="0.017" /><testcase classname="tests.test_reliability" name="test_pause_invalidates_inflight_recognition" time="0.014" /><testcase classname="tests.test_reliability" name="test_transcript_close_attempts_every_handle_even_after_flush_error" time="0.012" /><testcase classname="tests.test_reliability" name="test_finish_latency_endpoint_excludes_trailing_silence" time="0.001" /><testcase classname="tests.test_reliability" name="test_pause_during_callback_does_not_stamp_old_audio_with_new_epoch" time="0.012" /><testcase classname="tests.test_reliability" name="test_journal_skips_torn_utf8_and_non_object_records" time="0.021" /><testcase classname="tests.test_setup" name="test_download_resumes_verified_partial" time="0.014" /><testcase classname="tests.test_setup" name="test_server_ignoring_range_restarts_without_duplicate_bytes" time="0.012" /><testcase classname="tests.test_setup" name="test_bad_download_never_replaces_existing_asset" time="0.016" /><testcase classname="tests.test_setup" name="test_asset_path_cannot_escape_root[../outside]" time="0.005" /><testcase classname="tests.test_setup" name="test_asset_path_cannot_escape_root[/absolute]" time="0.006" /><testcase classname="tests.test_setup" name="test_asset_path_cannot_escape_root[C:/escape]" time="0.005" /><testcase classname="tests.test_setup" name="test_asset_path_cannot_escape_root[models/../../escape]" time="0.004" /><testcase classname="tests.test_setup" name="test_offline_repair_restores_corrupt_extracted_model" time="0.051" /><testcase classname="tests.test_setup" name="test_fully_downloaded_partial_is_installed_without_network" time="0.010" /><testcase classname="tests.test_speech_evaluation" name="test_word_error_metric_counts_substitutions_insertions_and_deletions" time="0.002" /><testcase classname="tests.test_speech_evaluation" name="test_noise_is_paired_across_modes_and_preserves_requested_snr" time="0.036" /><testcase classname="tests.test_speech_evaluation" name="test_resampling_preserves_duration_and_rejects_aliasing" time="0.010" /><testcase classname="tests.test_speech_evaluation" name="test_new_corpus_contains_four_separate_speakers_with_no_duplicate_mics" time="0.002" /><testcase classname="tests.test_speech_evaluation" name="test_fixture_fetch_retries_throttling_but_not_access_errors" time="0.003" /><testcase classname="tests.test_speech_recognition" name="test_filters_suppress_control_tokens_without_altering_input" time="0.008" /><testcase classname="tests.test_speech_recognition" name="test_prompt_is_prefilled_and_never_returned_as_caption" time="0.027" /><testcase classname="tests.test_speech_recognition" name="test_beam_can_recover_sequence_missed_by_greedy" time="0.119" /><testcase classname="tests.test_speech_recognition" name="test_decoder_position_budget_is_bounded" time="0.133" /><testcase classname="tests.test_speech_recognition" name="test_standard_path_is_explicitly_unchanged" time="0.023" /><testcase classname="tests.test_speech_recognition" name="test_guided_silence_cannot_repeat_vocabulary[QnnWhisper]" time="0.019" /><testcase classname="tests.test_speech_recognition" name="test_guided_silence_cannot_repeat_vocabulary[CpuWhisper]" time="0.013" /><testcase classname="tests.test_speech_recognition" name="test_tokenizer_matches_reference_and_bounds_context" time="0.320" /><testcase classname="tests.test_speech_recognition" name="test_cpu_recovery_preserves_mode_vocabulary_and_final_flag" time="0.011" /><testcase classname="tests.test_speech_recognition" name="test_settings_preserve_standard_defaults_and_new_preset_fields" time="0.001" /><testcase classname="tests.test_transcript" name="test_partial_duplicate_and_late_translation_do_not_duplicate_or_reorder" time="0.001" /><testcase classname="tests.test_transcript" name="test_completed_history_survives_pause_language_epochs_and_late_work" time="0.001" /><testcase classname="tests.test_transcript" name="test_missing_translation_and_uncertain_language_are_explicit" time="0.001" /><testcase classname="tests.test_transcript" name="test_retention_bounds_memory_and_cannot_resurrect_evicted_passages" time="0.010" /><testcase classname="tests.test_transcript" name="test_saving_off_still_delivers_committed_history_without_writing" time="0.007" /><testcase classname="tests.test_transcript" name="test_journal_exports_are_unchanged_by_reading_history" time="0.032" /><testcase classname="tests.test_transcript" name="test_projector_settings_validate_and_keep_compact_available" time="0.001" /><testcase classname="tests.test_transcript_ui" name="test_scroll_back_new_count_back_to_live_and_copy" time="0.074" /><testcase classname="tests.test_transcript_ui" name="test_late_translation_does_not_jump_reader_or_duplicate" time="0.039" /><testcase classname="tests.test_transcript_ui" name="test_search_wraps_both_languages_and_selection_survives_new_passages" time="0.045" /><testcase classname="tests.test_transcript_ui" name="test_two_hour_history_uses_one_block_per_passage_and_clears_without_disk" time="2.324" /><testcase classname="tests.test_transcript_ui" name="test_retention_evicts_whole_pairs_and_block_index" time="0.013" /><testcase classname="tests.test_transcript_ui" name="test_copying_source_survives_its_translation_including_utf16" time="0.022" /><testcase classname="tests.test_transcript_ui" name="test_resize_while_following_and_hidden_tab_arrival" time="0.078" /><testcase classname="tests.test_transcript_ui" name="test_projector_uses_fixed_font_geometry_labels_and_compact_option" time="0.025" /><testcase classname="tests.test_workflow" name="test_preset_roundtrip_preserves_teaching_configuration" time="0.007" /><testcase classname="tests.test_workflow" name="test_invalid_preset_is_not_silently_overwritten" time="0.015" /><testcase classname="tests.test_workflow" name="test_unsafe_or_invalid_shortcut_rejected[A]" time="0.002" /><testcase classname="tests.test_workflow" name="test_unsafe_or_invalid_shortcut_rejected[Shift+A]" time="0.002" /><testcase classname="tests.test_workflow" name="test_unsafe_or_invalid_shortcut_rejected[Ctrl+Ctrl+A]" time="0.001" /><testcase classname="tests.test_workflow" name="test_unsafe_or_invalid_shortcut_rejected[Win+A]" time="0.001" /><testcase classname="tests.test_workflow" name="test_unsafe_or_invalid_shortcut_rejected[Alt+F13]" time="0.002" /><testcase classname="tests.test_workflow" name="test_unsafe_or_invalid_shortcut_rejected[Ctrl+Alt+]" time="0.001" /><testcase classname="tests.test_workflow" name="test_equivalent_shortcuts_have_same_native_binding" time="0.001" /><testcase classname="tests.test_workflow" name="test_model_store_reuses_verified_bundle_and_reloads_profile" time="0.024" /><testcase classname="tests.test_workflow" name="test_failed_translation_replaces_stale_chinese_with_current_english" time="0.002" /></testsuite></testsuites>